<?xml version="1.0" encoding="UTF-8"?>
<!-- Generated by org.testng.reporters.JUnitXMLReporter -->
<testsuite ignored="2" hostname="DESKTOP-4AIQGOE" failures="0" tests="2" name="My Test" time="25.231" errors="0" timestamp="2024-06-24T11:16:16 IST">
  <testcase classname="com.SeleniumWebDriver.Assignments.Assign21" name="clickonSell" time="3.474"/>
  <testcase classname="com.SeleniumWebDriver.Assignments.Assign21" name="clickonMobiles" time="6.488"/>
  <testcase classname="com.SeleniumWebDriver.Assignments.Assign21" name="clickonBestsellers" time="0.0">
    <ignored/>
  </testcase> <!-- clickonBestsellers -->
  <testcase classname="com.SeleniumWebDriver.Assignments.Assign21" name="clickonElectronics" time="0.0">
    <ignored/>
  </testcase> <!-- clickonElectronics -->
</testsuite> <!-- My Test -->
