<?xml version="1.0" encoding="UTF-8"?>
<!-- Generated by org.testng.reporters.JUnitXMLReporter -->
<testsuite ignored="2" hostname="DESKTOP-4AIQGOE" failures="0" tests="2" name="Our test" time="41.461" errors="0" timestamp="2024-06-24T11:40:27 IST">
  <testcase classname="com.SeleniumWebDriver.Assignments.Assign21" name="clickonMobiles" time="8.027"/>
  <testcase classname="com.SeleniumWebDriver.Assignments.Assign21" name="clickonElectronics" time="16.132"/>
  <testcase classname="com.SeleniumWebDriver.Assignments.Assign21" name="clickonSell" time="0.0">
    <ignored/>
  </testcase> <!-- clickonSell -->
  <testcase classname="com.SeleniumWebDriver.Assignments.Assign21" name="clickonBestsellers" time="0.0">
    <ignored/>
  </testcase> <!-- clickonBestsellers -->
</testsuite> <!-- Our test -->
